<?xml version="1.0" encoding="UTF-8"?>
<!-- Generated by org.testng.reporters.JUnitReportReporter -->
<testsuite skipped="0" hostname="ip-10-0-2-48.ec2.internal" name="demo.web.test.fr.DemoWebAppFunctionalTestRunner" tests="1" failures="0" timestamp="22 May 2018 17:30:41 GMT" time="3.256" errors="0">
  <testcase name="feature" time="3.256" classname="demo.web.test.fr.DemoWebAppFunctionalTestRunner"/>
</testsuite> <!-- demo.web.test.fr.DemoWebAppFunctionalTestRunner -->
